<?xml version="1.0" encoding="UTF-8"?>
<!-- Generated by org.testng.reporters.JUnitReportReporter -->
<testsuite hostname="DESKTOP-SMT4TF3" failures="0" tests="1" name="testClass.SignUpBranchTest" time="105.789" errors="0" timestamp="2025-08-12T17:42:37 IST" skipped="0">
  <testcase classname="testClass.SignUpBranchTest" name="sign" time="105.789"/>
</testsuite> <!-- testClass.SignUpBranchTest -->
