<?xml version="1.0" encoding="UTF-8"?>
<!-- Generated by org.testng.reporters.JUnitReportReporter -->
<testsuite hostname="DESKTOP-SMT4TF3" failures="0" tests="1" name="testClass.SignTest1" time="104.601" errors="0" timestamp="2025-08-12T17:38:00 IST" skipped="0">
  <testcase classname="testClass.SignTest1" name="sign" time="104.601"/>
</testsuite> <!-- testClass.SignTest1 -->
